<?xml version="1.0" encoding="UTF-8"?>
<coverage generated="1676451696034" clover="3.2.0">
  <project timestamp="1676451696034" name="All files">
    <metrics statements="140" coveredstatements="115" conditionals="52" coveredconditionals="41" methods="61" coveredmethods="51" elements="253" coveredelements="207" complexity="0" loc="140" ncloc="140" packages="8" files="22" classes="22"/>
    <package name="src">
      <metrics statements="7" coveredstatements="7" conditionals="2" coveredconditionals="2" methods="1" coveredmethods="1"/>
      <file name="configureStore.js" path="C:\Users\Collabera\Documents\Projects\collabera_react_training\shopping-redux\Webpack\src\configureStore.js">
        <metrics statements="7" coveredstatements="7" conditionals="2" coveredconditionals="2" methods="1" coveredmethods="1"/>
        <line num="14" count="1" type="cond" truecount="2" falsecount="0"/>
        <line num="17" count="1" type="stmt"/>
        <line num="19" count="1" type="stmt"/>
        <line num="20" count="5" type="stmt"/>
        <line num="25" count="5" type="stmt"/>
        <line num="32" count="5" type="stmt"/>
        <line num="33" count="5" type="stmt"/>
      </file>
    </package>
    <package name="src.components.Product">
      <metrics statements="16" coveredstatements="8" conditionals="4" coveredconditionals="2" methods="11" coveredmethods="5"/>
      <file name="index.jsx" path="C:\Users\Collabera\Documents\Projects\collabera_react_training\shopping-redux\Webpack\src\components\Product\index.jsx">
        <metrics statements="8" coveredstatements="4" conditionals="0" coveredconditionals="0" methods="7" coveredmethods="3"/>
        <line num="9" count="1" type="stmt"/>
        <line num="12" count="2" type="stmt"/>
        <line num="14" count="2" type="stmt"/>
        <line num="17" count="0" type="stmt"/>
        <line num="21" count="2" type="stmt"/>
        <line num="23" count="0" type="stmt"/>
        <line num="33" count="0" type="stmt"/>
        <line num="43" count="0" type="stmt"/>
      </file>
      <file name="product.jsx" path="C:\Users\Collabera\Documents\Projects\collabera_react_training\shopping-redux\Webpack\src\components\Product\product.jsx">
        <metrics statements="8" coveredstatements="4" conditionals="4" coveredconditionals="2" methods="4" coveredmethods="2"/>
        <line num="14" count="11" type="stmt"/>
        <line num="61" count="0" type="stmt"/>
        <line num="78" count="0" type="cond" truecount="0" falsecount="2"/>
        <line num="79" count="0" type="stmt"/>
        <line num="81" count="0" type="stmt"/>
        <line num="98" count="1" type="stmt"/>
        <line num="113" count="2" type="stmt"/>
        <line num="135" count="2" type="stmt"/>
      </file>
    </package>
    <package name="src.components.Reviews">
      <metrics statements="3" coveredstatements="3" conditionals="0" coveredconditionals="0" methods="2" coveredmethods="2"/>
      <file name="index.jsx" path="C:\Users\Collabera\Documents\Projects\collabera_react_training\shopping-redux\Webpack\src\components\Reviews\index.jsx">
        <metrics statements="3" coveredstatements="3" conditionals="0" coveredconditionals="0" methods="2" coveredmethods="2"/>
        <line num="7" count="11" type="stmt"/>
        <line num="13" count="55" type="stmt"/>
        <line num="39" count="2" type="stmt"/>
      </file>
    </package>
    <package name="src.middlewares">
      <metrics statements="12" coveredstatements="12" conditionals="4" coveredconditionals="4" methods="7" coveredmethods="7"/>
      <file name="errorMiddleWare.js" path="C:\Users\Collabera\Documents\Projects\collabera_react_training\shopping-redux\Webpack\src\middlewares\errorMiddleWare.js">
        <metrics statements="9" coveredstatements="9" conditionals="4" coveredconditionals="4" methods="4" coveredmethods="4"/>
        <line num="1" count="5" type="stmt"/>
        <line num="2" count="40" type="stmt"/>
        <line num="3" count="40" type="stmt"/>
        <line num="4" count="40" type="cond" truecount="2" falsecount="0"/>
        <line num="5" count="16" type="stmt"/>
        <line num="13" count="48" type="cond" truecount="2" falsecount="0"/>
        <line num="14" count="16" type="stmt"/>
        <line num="18" count="32" type="stmt"/>
        <line num="24" count="24" type="stmt"/>
      </file>
      <file name="loggerMiddleware.js" path="C:\Users\Collabera\Documents\Projects\collabera_react_training\shopping-redux\Webpack\src\middlewares\loggerMiddleware.js">
        <metrics statements="3" coveredstatements="3" conditionals="0" coveredconditionals="0" methods="3" coveredmethods="3"/>
        <line num="1" count="5" type="stmt"/>
        <line num="2" count="40" type="stmt"/>
        <line num="3" count="40" type="stmt"/>
      </file>
    </package>
    <package name="src.pages.Home">
      <metrics statements="18" coveredstatements="18" conditionals="8" coveredconditionals="7" methods="10" coveredmethods="10"/>
      <file name="home.jsx" path="C:\Users\Collabera\Documents\Projects\collabera_react_training\shopping-redux\Webpack\src\pages\Home\home.jsx">
        <metrics statements="11" coveredstatements="11" conditionals="4" coveredconditionals="4" methods="4" coveredmethods="4"/>
        <line num="15" count="15" type="stmt"/>
        <line num="16" count="5" type="stmt"/>
        <line num="22" count="15" type="stmt"/>
        <line num="23" count="5" type="stmt"/>
        <line num="26" count="15" type="cond" truecount="2" falsecount="0"/>
        <line num="27" count="5" type="stmt"/>
        <line num="32" count="10" type="cond" truecount="2" falsecount="0"/>
        <line num="33" count="3" type="stmt"/>
        <line num="40" count="7" type="stmt"/>
        <line num="43" count="2" type="stmt"/>
        <line num="52" count="1" type="stmt"/>
      </file>
      <file name="index.jsx" path="C:\Users\Collabera\Documents\Projects\collabera_react_training\shopping-redux\Webpack\src\pages\Home\index.jsx">
        <metrics statements="7" coveredstatements="7" conditionals="4" coveredconditionals="3" methods="6" coveredmethods="6"/>
        <line num="6" count="1" type="stmt"/>
        <line num="10" count="20" type="stmt"/>
        <line num="14" count="10" type="cond" truecount="2" falsecount="0"/>
        <line num="19" count="6" type="cond" truecount="1" falsecount="1"/>
        <line num="24" count="5" type="stmt"/>
        <line num="26" count="5" type="stmt"/>
        <line num="35" count="5" type="stmt"/>
      </file>
    </package>
    <package name="src.reducers">
      <metrics statements="39" coveredstatements="34" conditionals="28" coveredconditionals="23" methods="9" coveredmethods="8"/>
      <file name="cartReducers.js" path="C:\Users\Collabera\Documents\Projects\collabera_react_training\shopping-redux\Webpack\src\reducers\cartReducers.js">
        <metrics statements="12" coveredstatements="12" conditionals="6" coveredconditionals="6" methods="3" coveredmethods="3"/>
        <line num="1" count="2" type="stmt"/>
        <line num="3" count="2" type="stmt"/>
        <line num="7" count="52" type="cond" truecount="5" falsecount="0"/>
        <line num="9" count="8" type="stmt"/>
        <line num="12" count="1" type="stmt"/>
        <line num="15" count="1" type="stmt"/>
        <line num="16" count="1" type="stmt"/>
        <line num="18" count="1" type="stmt"/>
        <line num="26" count="1" type="stmt"/>
        <line num="27" count="1" type="stmt"/>
        <line num="29" count="1" type="stmt"/>
        <line num="36" count="41" type="stmt"/>
      </file>
      <file name="errorReducer.js" path="C:\Users\Collabera\Documents\Projects\collabera_react_training\shopping-redux\Webpack\src\reducers\errorReducer.js">
        <metrics statements="8" coveredstatements="7" conditionals="7" coveredconditionals="5" methods="2" coveredmethods="1"/>
        <line num="1" count="1" type="stmt"/>
        <line num="7" count="47" type="stmt"/>
        <line num="9" count="47" type="cond" truecount="2" falsecount="0"/>
        <line num="11" count="26" type="stmt"/>
        <line num="12" count="26" type="cond" truecount="2" falsecount="0"/>
        <line num="13" count="16" type="stmt"/>
        <line num="23" count="10" type="stmt"/>
        <line num="25" count="0" type="stmt"/>
      </file>
      <file name="index.js" path="C:\Users\Collabera\Documents\Projects\collabera_react_training\shopping-redux\Webpack\src\reducers\index.js">
        <metrics statements="0" coveredstatements="0" conditionals="0" coveredconditionals="0" methods="0" coveredmethods="0"/>
      </file>
      <file name="loadingReducer.js" path="C:\Users\Collabera\Documents\Projects\collabera_react_training\shopping-redux\Webpack\src\reducers\loadingReducer.js">
        <metrics statements="8" coveredstatements="8" conditionals="7" coveredconditionals="7" methods="2" coveredmethods="2"/>
        <line num="1" count="2" type="stmt"/>
        <line num="8" count="50" type="stmt"/>
        <line num="10" count="50" type="cond" truecount="2" falsecount="0"/>
        <line num="12" count="42" type="stmt"/>
        <line num="13" count="42" type="cond" truecount="2" falsecount="0"/>
        <line num="14" count="11" type="stmt"/>
        <line num="22" count="31" type="stmt"/>
        <line num="24" count="16" type="stmt"/>
      </file>
      <file name="productReducer.js" path="C:\Users\Collabera\Documents\Projects\collabera_react_training\shopping-redux\Webpack\src\reducers\productReducer.js">
        <metrics statements="4" coveredstatements="4" conditionals="3" coveredconditionals="3" methods="1" coveredmethods="1"/>
        <line num="1" count="1" type="stmt"/>
        <line num="7" count="47" type="cond" truecount="2" falsecount="0"/>
        <line num="9" count="7" type="stmt"/>
        <line num="12" count="40" type="stmt"/>
      </file>
      <file name="userReducer.js" path="C:\Users\Collabera\Documents\Projects\collabera_react_training\shopping-redux\Webpack\src\reducers\userReducer.js">
        <metrics statements="7" coveredstatements="3" conditionals="5" coveredconditionals="2" methods="1" coveredmethods="1"/>
        <line num="1" count="1" type="stmt"/>
        <line num="10" count="47" type="cond" truecount="1" falsecount="3"/>
        <line num="13" count="0" type="stmt"/>
        <line num="17" count="0" type="stmt"/>
        <line num="21" count="0" type="stmt"/>
        <line num="22" count="0" type="stmt"/>
        <line num="26" count="47" type="stmt"/>
      </file>
    </package>
    <package name="src.sagas">
      <metrics statements="19" coveredstatements="11" conditionals="0" coveredconditionals="0" methods="13" coveredmethods="11"/>
      <file name="authSaga.js" path="C:\Users\Collabera\Documents\Projects\collabera_react_training\shopping-redux\Webpack\src\sagas\authSaga.js">
        <metrics statements="11" coveredstatements="3" conditionals="0" coveredconditionals="0" methods="5" coveredmethods="3"/>
        <line num="11" count="0" type="stmt"/>
        <line num="12" count="0" type="stmt"/>
        <line num="17" count="0" type="stmt"/>
        <line num="23" count="0" type="stmt"/>
        <line num="32" count="0" type="stmt"/>
        <line num="33" count="0" type="stmt"/>
        <line num="38" count="0" type="stmt"/>
        <line num="44" count="0" type="stmt"/>
        <line num="53" count="5" type="stmt"/>
        <line num="57" count="5" type="stmt"/>
        <line num="61" count="5" type="stmt"/>
      </file>
      <file name="cartSaga.js" path="C:\Users\Collabera\Documents\Projects\collabera_react_training\shopping-redux\Webpack\src\sagas\cartSaga.js">
        <metrics statements="5" coveredstatements="5" conditionals="0" coveredconditionals="0" methods="5" coveredmethods="5"/>
        <line num="51" count="5" type="stmt"/>
        <line num="58" count="5" type="stmt"/>
        <line num="65" count="5" type="stmt"/>
        <line num="72" count="5" type="stmt"/>
        <line num="79" count="5" type="stmt"/>
      </file>
      <file name="productsSaga.js" path="C:\Users\Collabera\Documents\Projects\collabera_react_training\shopping-redux\Webpack\src\sagas\productsSaga.js">
        <metrics statements="2" coveredstatements="2" conditionals="0" coveredconditionals="0" methods="2" coveredmethods="2"/>
        <line num="31" count="5" type="stmt"/>
        <line num="38" count="5" type="stmt"/>
      </file>
      <file name="rootSagas.js" path="C:\Users\Collabera\Documents\Projects\collabera_react_training\shopping-redux\Webpack\src\sagas\rootSagas.js">
        <metrics statements="1" coveredstatements="1" conditionals="0" coveredconditionals="0" methods="1" coveredmethods="1"/>
        <line num="7" count="5" type="stmt"/>
      </file>
    </package>
    <package name="src.utils">
      <metrics statements="26" coveredstatements="22" conditionals="6" coveredconditionals="3" methods="8" coveredmethods="7"/>
      <file name="apiGenerator.js" path="C:\Users\Collabera\Documents\Projects\collabera_react_training\shopping-redux\Webpack\src\utils\apiGenerator.js">
        <metrics statements="6" coveredstatements="6" conditionals="2" coveredconditionals="1" methods="1" coveredmethods="1"/>
        <line num="5" count="30" type="stmt"/>
        <line num="6" count="30" type="stmt"/>
        <line num="7" count="30" type="stmt"/>
        <line num="8" count="30" type="stmt"/>
        <line num="12" count="14" type="stmt"/>
        <line num="21" count="16" type="stmt"/>
      </file>
      <file name="axiosInstance.js" path="C:\Users\Collabera\Documents\Projects\collabera_react_training\shopping-redux\Webpack\src\utils\axiosInstance.js">
        <metrics statements="14" coveredstatements="10" conditionals="4" coveredconditionals="2" methods="4" coveredmethods="3"/>
        <line num="3" count="1" type="stmt"/>
        <line num="10" count="1" type="stmt"/>
        <line num="12" count="30" type="stmt"/>
        <line num="13" count="30" type="stmt"/>
        <line num="14" count="30" type="cond" truecount="1" falsecount="1"/>
        <line num="15" count="0" type="stmt"/>
        <line num="16" count="0" type="stmt"/>
        <line num="18" count="30" type="stmt"/>
        <line num="20" count="0" type="stmt"/>
        <line num="23" count="1" type="stmt"/>
        <line num="24" count="14" type="stmt"/>
        <line num="26" count="16" type="cond" truecount="1" falsecount="1"/>
        <line num="27" count="0" type="stmt"/>
        <line num="31" count="16" type="stmt"/>
      </file>
      <file name="index.js" path="C:\Users\Collabera\Documents\Projects\collabera_react_training\shopping-redux\Webpack\src\utils\index.js">
        <metrics statements="3" coveredstatements="3" conditionals="0" coveredconditionals="0" methods="1" coveredmethods="1"/>
        <line num="1" count="2" type="stmt"/>
        <line num="2" count="12" type="stmt"/>
        <line num="7" count="2" type="stmt"/>
      </file>
      <file name="test-utils.jsx" path="C:\Users\Collabera\Documents\Projects\collabera_react_training\shopping-redux\Webpack\src\utils\test-utils.jsx">
        <metrics statements="3" coveredstatements="3" conditionals="0" coveredconditionals="0" methods="2" coveredmethods="2"/>
        <line num="7" count="5" type="stmt"/>
        <line num="9" count="5" type="stmt"/>
        <line num="17" count="5" type="stmt"/>
      </file>
    </package>
  </project>
</coverage>
