{"C:\\Users\\Collabera\\Documents\\Projects\\collabera_react_training\\shopping-redux\\Webpack\\src\\configureStore.js": {"path":"C:\\Users\\Collabera\\Documents\\Projects\\collabera_react_training\\shopping-redux\\Webpack\\src\\configureStore.js","statementMap":{"0":{"start":{"line":14,"column":2},"end":{"line":15,"column":9}},"1":{"start":{"line":17,"column":23},"end":{"line":17,"column":45}},"2":{"start":{"line":19,"column":23},"end":{"line":34,"column":1}},"3":{"start":{"line":20,"column":22},"end":{"line":24,"column":3}},"4":{"start":{"line":25,"column":16},"end":{"line":30,"column":3}},"5":{"start":{"line":32,"column":2},"end":{"line":32,"column":31}},"6":{"start":{"line":33,"column":2},"end":{"line":33,"column":15}}},"fnMap":{"0":{"name":"(anonymous_0)","decl":{"start":{"line":19,"column":23},"end":{"line":19,"column":24}},"loc":{"start":{"line":19,"column":29},"end":{"line":34,"column":1}},"line":19}},"branchMap":{"0":{"loc":{"start":{"line":14,"column":2},"end":{"line":15,"column":9}},"type":"binary-expr","locations":[{"start":{"line":14,"column":2},"end":{"line":14,"column":45}},{"start":{"line":15,"column":2},"end":{"line":15,"column":9}}],"line":14}},"s":{"0":1,"1":1,"2":1,"3":5,"4":5,"5":5,"6":5},"f":{"0":5},"b":{"0":[1,1]},"_coverageSchema":"1a1c01bbd47fc00a2c39e90264f33305004495a9","hash":"f370fcd6df3916c3d2d007026f9f5bff4698590a"}
,"C:\\Users\\Collabera\\Documents\\Projects\\collabera_react_training\\shopping-redux\\Webpack\\src\\components\\Product\\index.jsx": {"path":"C:\\Users\\Collabera\\Documents\\Projects\\collabera_react_training\\shopping-redux\\Webpack\\src\\components\\Product\\index.jsx","statementMap":{"0":{"start":{"line":9,"column":24},"end":{"line":19,"column":2}},"1":{"start":{"line":12,"column":6},"end":{"line":19,"column":1}},"2":{"start":{"line":14,"column":9},"end":{"line":14,"column":35}},"3":{"start":{"line":17,"column":9},"end":{"line":17,"column":35}},"4":{"start":{"line":21,"column":27},"end":{"line":52,"column":2}},"5":{"start":{"line":21,"column":40},"end":{"line":52,"column":1}},"6":{"start":{"line":23,"column":4},"end":{"line":31,"column":6}},"7":{"start":{"line":33,"column":4},"end":{"line":41,"column":6}},"8":{"start":{"line":43,"column":4},"end":{"line":51,"column":6}}},"fnMap":{"0":{"name":"(anonymous_0)","decl":{"start":{"line":9,"column":24},"end":{"line":9,"column":25}},"loc":{"start":{"line":12,"column":6},"end":{"line":19,"column":1}},"line":12},"1":{"name":"(anonymous_1)","decl":{"start":{"line":14,"column":4},"end":{"line":14,"column":5}},"loc":{"start":{"line":14,"column":9},"end":{"line":14,"column":35}},"line":14},"2":{"name":"(anonymous_2)","decl":{"start":{"line":17,"column":4},"end":{"line":17,"column":5}},"loc":{"start":{"line":17,"column":9},"end":{"line":17,"column":35}},"line":17},"3":{"name":"(anonymous_3)","decl":{"start":{"line":21,"column":27},"end":{"line":21,"column":28}},"loc":{"start":{"line":21,"column":40},"end":{"line":52,"column":1}},"line":21},"4":{"name":"(anonymous_4)","decl":{"start":{"line":22,"column":13},"end":{"line":22,"column":14}},"loc":{"start":{"line":23,"column":4},"end":{"line":31,"column":6}},"line":23},"5":{"name":"(anonymous_5)","decl":{"start":{"line":32,"column":18},"end":{"line":32,"column":19}},"loc":{"start":{"line":33,"column":4},"end":{"line":41,"column":6}},"line":33},"6":{"name":"(anonymous_6)","decl":{"start":{"line":42,"column":18},"end":{"line":42,"column":19}},"loc":{"start":{"line":43,"column":4},"end":{"line":51,"column":6}},"line":43}},"branchMap":{},"s":{"0":1,"1":2,"2":2,"3":0,"4":1,"5":2,"6":0,"7":0,"8":0},"f":{"0":2,"1":2,"2":0,"3":2,"4":0,"5":0,"6":0},"b":{},"_coverageSchema":"1a1c01bbd47fc00a2c39e90264f33305004495a9","hash":"60a0543d95ff43609d6e14d958bc3d826bd12e22"}
,"C:\\Users\\Collabera\\Documents\\Projects\\collabera_react_training\\shopping-redux\\Webpack\\src\\components\\Product\\product.jsx": {"path":"C:\\Users\\Collabera\\Documents\\Projects\\collabera_react_training\\shopping-redux\\Webpack\\src\\components\\Product\\product.jsx","statementMap":{"0":{"start":{"line":14,"column":2},"end":{"line":110,"column":4}},"1":{"start":{"line":61,"column":18},"end":{"line":65,"column":20}},"2":{"start":{"line":78,"column":18},"end":{"line":86,"column":19}},"3":{"start":{"line":79,"column":20},"end":{"line":79,"column":45}},"4":{"start":{"line":81,"column":20},"end":{"line":85,"column":23}},"5":{"start":{"line":98,"column":16},"end":{"line":101,"column":18}},"6":{"start":{"line":113,"column":0},"end":{"line":133,"column":2}},"7":{"start":{"line":135,"column":0},"end":{"line":137,"column":2}}},"fnMap":{"0":{"name":"Product","decl":{"start":{"line":6,"column":9},"end":{"line":6,"column":16}},"loc":{"start":{"line":13,"column":3},"end":{"line":111,"column":1}},"line":13},"1":{"name":"(anonymous_1)","decl":{"start":{"line":60,"column":25},"end":{"line":60,"column":26}},"loc":{"start":{"line":61,"column":18},"end":{"line":65,"column":20}},"line":61},"2":{"name":"(anonymous_2)","decl":{"start":{"line":77,"column":25},"end":{"line":77,"column":26}},"loc":{"start":{"line":77,"column":31},"end":{"line":87,"column":17}},"line":77},"3":{"name":"(anonymous_3)","decl":{"start":{"line":97,"column":23},"end":{"line":97,"column":24}},"loc":{"start":{"line":98,"column":16},"end":{"line":101,"column":18}},"line":98}},"branchMap":{"0":{"loc":{"start":{"line":54,"column":11},"end":{"line":106,"column":11}},"type":"cond-expr","locations":[{"start":{"line":55,"column":12},"end":{"line":91,"column":18}},{"start":{"line":93,"column":12},"end":{"line":105,"column":21}}],"line":54},"1":{"loc":{"start":{"line":78,"column":18},"end":{"line":86,"column":19}},"type":"if","locations":[{"start":{"line":78,"column":18},"end":{"line":86,"column":19}},{"start":{"line":80,"column":25},"end":{"line":86,"column":19}}],"line":78}},"s":{"0":11,"1":0,"2":0,"3":0,"4":0,"5":1,"6":2,"7":2},"f":{"0":11,"1":0,"2":0,"3":1},"b":{"0":[2,9],"1":[0,0]},"_coverageSchema":"1a1c01bbd47fc00a2c39e90264f33305004495a9","hash":"0ee6d511e6e6813a73e17d681f985747885055b2"}
,"C:\\Users\\Collabera\\Documents\\Projects\\collabera_react_training\\shopping-redux\\Webpack\\src\\components\\Reviews\\index.jsx": {"path":"C:\\Users\\Collabera\\Documents\\Projects\\collabera_react_training\\shopping-redux\\Webpack\\src\\components\\Reviews\\index.jsx","statementMap":{"0":{"start":{"line":7,"column":2},"end":{"line":36,"column":4}},"1":{"start":{"line":13,"column":12},"end":{"line":22,"column":14}},"2":{"start":{"line":39,"column":0},"end":{"line":42,"column":2}}},"fnMap":{"0":{"name":"Reviews","decl":{"start":{"line":6,"column":9},"end":{"line":6,"column":16}},"loc":{"start":{"line":6,"column":34},"end":{"line":37,"column":1}},"line":6},"1":{"name":"(anonymous_1)","decl":{"start":{"line":12,"column":31},"end":{"line":12,"column":32}},"loc":{"start":{"line":13,"column":12},"end":{"line":22,"column":14}},"line":13}},"branchMap":{},"s":{"0":11,"1":55,"2":2},"f":{"0":11,"1":55},"b":{},"_coverageSchema":"1a1c01bbd47fc00a2c39e90264f33305004495a9","hash":"b696d5ae4c71a376166b07c61c1c23f7dc02fb0b"}
,"C:\\Users\\Collabera\\Documents\\Projects\\collabera_react_training\\shopping-redux\\Webpack\\src\\middlewares\\errorMiddleWare.js": {"path":"C:\\Users\\Collabera\\Documents\\Projects\\collabera_react_training\\shopping-redux\\Webpack\\src\\middlewares\\errorMiddleWare.js","statementMap":{"0":{"start":{"line":1,"column":14},"end":{"line":26,"column":1}},"1":{"start":{"line":1,"column":23},"end":{"line":26,"column":1}},"2":{"start":{"line":1,"column":31},"end":{"line":26,"column":1}},"3":{"start":{"line":2,"column":34},"end":{"line":2,"column":40}},"4":{"start":{"line":3,"column":16},"end":{"line":3,"column":40}},"5":{"start":{"line":4,"column":2},"end":{"line":25,"column":3}},"6":{"start":{"line":5,"column":4},"end":{"line":22,"column":7}},"7":{"start":{"line":13,"column":12},"end":{"line":17,"column":13}},"8":{"start":{"line":14,"column":14},"end":{"line":16,"column":39}},"9":{"start":{"line":18,"column":12},"end":{"line":18,"column":41}},"10":{"start":{"line":24,"column":4},"end":{"line":24,"column":17}}},"fnMap":{"0":{"name":"(anonymous_0)","decl":{"start":{"line":1,"column":14},"end":{"line":1,"column":15}},"loc":{"start":{"line":1,"column":23},"end":{"line":26,"column":1}},"line":1},"1":{"name":"(anonymous_1)","decl":{"start":{"line":1,"column":23},"end":{"line":1,"column":24}},"loc":{"start":{"line":1,"column":31},"end":{"line":26,"column":1}},"line":1},"2":{"name":"(anonymous_2)","decl":{"start":{"line":1,"column":31},"end":{"line":1,"column":32}},"loc":{"start":{"line":1,"column":41},"end":{"line":26,"column":1}},"line":1},"3":{"name":"(anonymous_3)","decl":{"start":{"line":12,"column":15},"end":{"line":12,"column":16}},"loc":{"start":{"line":12,"column":25},"end":{"line":19,"column":11}},"line":12}},"branchMap":{"0":{"loc":{"start":{"line":4,"column":2},"end":{"line":25,"column":3}},"type":"if","locations":[{"start":{"line":4,"column":2},"end":{"line":25,"column":3}},{"start":{"line":23,"column":9},"end":{"line":25,"column":3}}],"line":4},"1":{"loc":{"start":{"line":13,"column":12},"end":{"line":17,"column":13}},"type":"if","locations":[{"start":{"line":13,"column":12},"end":{"line":17,"column":13}},{"start":{},"end":{}}],"line":13}},"s":{"0":1,"1":5,"2":5,"3":40,"4":40,"5":40,"6":16,"7":48,"8":16,"9":32,"10":24},"f":{"0":5,"1":5,"2":40,"3":48},"b":{"0":[16,24],"1":[16,32]},"_coverageSchema":"1a1c01bbd47fc00a2c39e90264f33305004495a9","hash":"96743dbdb24b7822449fbb395793ff0b5a81f916"}
,"C:\\Users\\Collabera\\Documents\\Projects\\collabera_react_training\\shopping-redux\\Webpack\\src\\middlewares\\loggerMiddleware.js": {"path":"C:\\Users\\Collabera\\Documents\\Projects\\collabera_react_training\\shopping-redux\\Webpack\\src\\middlewares\\loggerMiddleware.js","statementMap":{"0":{"start":{"line":1,"column":15},"end":{"line":4,"column":1}},"1":{"start":{"line":1,"column":24},"end":{"line":4,"column":1}},"2":{"start":{"line":1,"column":32},"end":{"line":4,"column":1}},"3":{"start":{"line":2,"column":2},"end":{"line":2,"column":41}},"4":{"start":{"line":3,"column":2},"end":{"line":3,"column":15}}},"fnMap":{"0":{"name":"(anonymous_0)","decl":{"start":{"line":1,"column":15},"end":{"line":1,"column":16}},"loc":{"start":{"line":1,"column":24},"end":{"line":4,"column":1}},"line":1},"1":{"name":"(anonymous_1)","decl":{"start":{"line":1,"column":24},"end":{"line":1,"column":25}},"loc":{"start":{"line":1,"column":32},"end":{"line":4,"column":1}},"line":1},"2":{"name":"(anonymous_2)","decl":{"start":{"line":1,"column":32},"end":{"line":1,"column":33}},"loc":{"start":{"line":1,"column":42},"end":{"line":4,"column":1}},"line":1}},"branchMap":{},"s":{"0":1,"1":5,"2":5,"3":40,"4":40},"f":{"0":5,"1":5,"2":40},"b":{},"_coverageSchema":"1a1c01bbd47fc00a2c39e90264f33305004495a9","hash":"3962ae0bb2f8ee50168a080810131eeaf4eaf2f2"}
,"C:\\Users\\Collabera\\Documents\\Projects\\collabera_react_training\\shopping-redux\\Webpack\\src\\pages\\Home\\home.jsx": {"path":"C:\\Users\\Collabera\\Documents\\Projects\\collabera_react_training\\shopping-redux\\Webpack\\src\\pages\\Home\\home.jsx","statementMap":{"0":{"start":{"line":15,"column":19},"end":{"line":20,"column":30}},"1":{"start":{"line":16,"column":4},"end":{"line":19,"column":7}},"2":{"start":{"line":22,"column":2},"end":{"line":24,"column":17}},"3":{"start":{"line":23,"column":4},"end":{"line":23,"column":15}},"4":{"start":{"line":26,"column":2},"end":{"line":30,"column":3}},"5":{"start":{"line":27,"column":4},"end":{"line":29,"column":6}},"6":{"start":{"line":32,"column":2},"end":{"line":38,"column":3}},"7":{"start":{"line":33,"column":4},"end":{"line":37,"column":6}},"8":{"start":{"line":40,"column":2},"end":{"line":49,"column":4}},"9":{"start":{"line":43,"column":8},"end":{"line":46,"column":10}},"10":{"start":{"line":52,"column":0},"end":{"line":71,"column":2}}},"fnMap":{"0":{"name":"Home","decl":{"start":{"line":8,"column":9},"end":{"line":8,"column":13}},"loc":{"start":{"line":14,"column":3},"end":{"line":50,"column":1}},"line":14},"1":{"name":"(anonymous_1)","decl":{"start":{"line":15,"column":31},"end":{"line":15,"column":32}},"loc":{"start":{"line":15,"column":43},"end":{"line":20,"column":3}},"line":15},"2":{"name":"(anonymous_2)","decl":{"start":{"line":22,"column":12},"end":{"line":22,"column":13}},"loc":{"start":{"line":22,"column":18},"end":{"line":24,"column":3}},"line":22},"3":{"name":"(anonymous_3)","decl":{"start":{"line":42,"column":20},"end":{"line":42,"column":21}},"loc":{"start":{"line":43,"column":8},"end":{"line":46,"column":10}},"line":43}},"branchMap":{"0":{"loc":{"start":{"line":26,"column":2},"end":{"line":30,"column":3}},"type":"if","locations":[{"start":{"line":26,"column":2},"end":{"line":30,"column":3}},{"start":{},"end":{}}],"line":26},"1":{"loc":{"start":{"line":32,"column":2},"end":{"line":38,"column":3}},"type":"if","locations":[{"start":{"line":32,"column":2},"end":{"line":38,"column":3}},{"start":{},"end":{}}],"line":32}},"s":{"0":15,"1":5,"2":15,"3":5,"4":15,"5":5,"6":10,"7":3,"8":7,"9":2,"10":1},"f":{"0":15,"1":5,"2":5,"3":2},"b":{"0":[5,10],"1":[3,7]},"_coverageSchema":"1a1c01bbd47fc00a2c39e90264f33305004495a9","hash":"536931bf8e0cfcfa557a7b04d7f9e946303b06be"}
,"C:\\Users\\Collabera\\Documents\\Projects\\collabera_react_training\\shopping-redux\\Webpack\\src\\pages\\Home\\index.jsx": {"path":"C:\\Users\\Collabera\\Documents\\Projects\\collabera_react_training\\shopping-redux\\Webpack\\src\\pages\\Home\\index.jsx","statementMap":{"0":{"start":{"line":6,"column":24},"end":{"line":22,"column":2}},"1":{"start":{"line":10,"column":7},"end":{"line":22,"column":1}},"2":{"start":{"line":14,"column":6},"end":{"line":15,"column":30}},"3":{"start":{"line":19,"column":6},"end":{"line":20,"column":30}},"4":{"start":{"line":24,"column":27},"end":{"line":43,"column":2}},"5":{"start":{"line":24,"column":40},"end":{"line":43,"column":1}},"6":{"start":{"line":26,"column":4},"end":{"line":33,"column":6}},"7":{"start":{"line":35,"column":4},"end":{"line":42,"column":6}}},"fnMap":{"0":{"name":"(anonymous_0)","decl":{"start":{"line":6,"column":24},"end":{"line":6,"column":25}},"loc":{"start":{"line":10,"column":7},"end":{"line":22,"column":1}},"line":10},"1":{"name":"(anonymous_1)","decl":{"start":{"line":13,"column":4},"end":{"line":13,"column":5}},"loc":{"start":{"line":14,"column":6},"end":{"line":15,"column":30}},"line":14},"2":{"name":"(anonymous_2)","decl":{"start":{"line":18,"column":4},"end":{"line":18,"column":5}},"loc":{"start":{"line":19,"column":6},"end":{"line":20,"column":30}},"line":19},"3":{"name":"(anonymous_3)","decl":{"start":{"line":24,"column":27},"end":{"line":24,"column":28}},"loc":{"start":{"line":24,"column":40},"end":{"line":43,"column":1}},"line":24},"4":{"name":"(anonymous_4)","decl":{"start":{"line":25,"column":16},"end":{"line":25,"column":17}},"loc":{"start":{"line":26,"column":4},"end":{"line":33,"column":6}},"line":26},"5":{"name":"(anonymous_5)","decl":{"start":{"line":34,"column":12},"end":{"line":34,"column":13}},"loc":{"start":{"line":35,"column":4},"end":{"line":42,"column":6}},"line":35}},"branchMap":{"0":{"loc":{"start":{"line":14,"column":6},"end":{"line":15,"column":30}},"type":"binary-expr","locations":[{"start":{"line":14,"column":6},"end":{"line":14,"column":34}},{"start":{"line":15,"column":6},"end":{"line":15,"column":30}}],"line":14},"1":{"loc":{"start":{"line":19,"column":6},"end":{"line":20,"column":30}},"type":"binary-expr","locations":[{"start":{"line":19,"column":6},"end":{"line":19,"column":34}},{"start":{"line":20,"column":6},"end":{"line":20,"column":30}}],"line":19}},"s":{"0":1,"1":20,"2":10,"3":6,"4":1,"5":5,"6":5,"7":5},"f":{"0":20,"1":10,"2":6,"3":5,"4":5,"5":5},"b":{"0":[10,5],"1":[6,0]},"_coverageSchema":"1a1c01bbd47fc00a2c39e90264f33305004495a9","hash":"2cc0b21d92bdb6fc166038ce6eb46e3c5715d988"}
,"C:\\Users\\Collabera\\Documents\\Projects\\collabera_react_training\\shopping-redux\\Webpack\\src\\reducers\\cartReducers.js": {"path":"C:\\Users\\Collabera\\Documents\\Projects\\collabera_react_training\\shopping-redux\\Webpack\\src\\reducers\\cartReducers.js","statementMap":{"0":{"start":{"line":1,"column":32},"end":{"line":1,"column":34}},"1":{"start":{"line":3,"column":27},"end":{"line":38,"column":1}},"2":{"start":{"line":7,"column":2},"end":{"line":37,"column":3}},"3":{"start":{"line":9,"column":6},"end":{"line":9,"column":21}},"4":{"start":{"line":12,"column":6},"end":{"line":12,"column":33}},"5":{"start":{"line":15,"column":20},"end":{"line":17,"column":7}},"6":{"start":{"line":16,"column":13},"end":{"line":16,"column":32}},"7":{"start":{"line":18,"column":6},"end":{"line":22,"column":8}},"8":{"start":{"line":26,"column":20},"end":{"line":28,"column":7}},"9":{"start":{"line":27,"column":13},"end":{"line":27,"column":32}},"10":{"start":{"line":29,"column":6},"end":{"line":32,"column":8}},"11":{"start":{"line":36,"column":6},"end":{"line":36,"column":19}}},"fnMap":{"0":{"name":"(anonymous_0)","decl":{"start":{"line":3,"column":27},"end":{"line":3,"column":28}},"loc":{"start":{"line":6,"column":5},"end":{"line":38,"column":1}},"line":6},"1":{"name":"(anonymous_1)","decl":{"start":{"line":16,"column":8},"end":{"line":16,"column":9}},"loc":{"start":{"line":16,"column":13},"end":{"line":16,"column":32}},"line":16},"2":{"name":"(anonymous_2)","decl":{"start":{"line":27,"column":8},"end":{"line":27,"column":9}},"loc":{"start":{"line":27,"column":13},"end":{"line":27,"column":32}},"line":27}},"branchMap":{"0":{"loc":{"start":{"line":4,"column":2},"end":{"line":4,"column":26}},"type":"default-arg","locations":[{"start":{"line":4,"column":10},"end":{"line":4,"column":26}}],"line":4},"1":{"loc":{"start":{"line":7,"column":2},"end":{"line":37,"column":3}},"type":"switch","locations":[{"start":{"line":8,"column":4},"end":{"line":9,"column":21}},{"start":{"line":11,"column":4},"end":{"line":12,"column":33}},{"start":{"line":14,"column":4},"end":{"line":23,"column":5}},{"start":{"line":25,"column":4},"end":{"line":33,"column":5}},{"start":{"line":35,"column":4},"end":{"line":36,"column":19}}],"line":7}},"s":{"0":2,"1":2,"2":52,"3":8,"4":1,"5":1,"6":1,"7":1,"8":1,"9":1,"10":1,"11":41},"f":{"0":52,"1":1,"2":1},"b":{"0":[8],"1":[8,1,1,1,41]},"_coverageSchema":"1a1c01bbd47fc00a2c39e90264f33305004495a9","hash":"0223eb63ea59ca095ed93aeb91ef32a8092b5948"}
,"C:\\Users\\Collabera\\Documents\\Projects\\collabera_react_training\\shopping-redux\\Webpack\\src\\reducers\\errorReducer.js": {"path":"C:\\Users\\Collabera\\Documents\\Projects\\collabera_react_training\\shopping-redux\\Webpack\\src\\reducers\\errorReducer.js","statementMap":{"0":{"start":{"line":1,"column":33},"end":{"line":1,"column":35}},"1":{"start":{"line":7,"column":16},"end":{"line":7,"column":48}},"2":{"start":{"line":9,"column":2},"end":{"line":9,"column":27}},"3":{"start":{"line":9,"column":14},"end":{"line":9,"column":27}},"4":{"start":{"line":11,"column":36},"end":{"line":11,"column":41}},"5":{"start":{"line":12,"column":2},"end":{"line":21,"column":3}},"6":{"start":{"line":13,"column":4},"end":{"line":20,"column":6}},"7":{"start":{"line":23,"column":2},"end":{"line":29,"column":4}},"8":{"start":{"line":25,"column":6},"end":{"line":28,"column":7}}},"fnMap":{"0":{"name":"(anonymous_0)","decl":{"start":{"line":3,"column":15},"end":{"line":3,"column":16}},"loc":{"start":{"line":6,"column":5},"end":{"line":30,"column":1}},"line":6},"1":{"name":"(anonymous_1)","decl":{"start":{"line":24,"column":4},"end":{"line":24,"column":5}},"loc":{"start":{"line":25,"column":6},"end":{"line":28,"column":7}},"line":25}},"branchMap":{"0":{"loc":{"start":{"line":4,"column":2},"end":{"line":4,"column":27}},"type":"default-arg","locations":[{"start":{"line":4,"column":10},"end":{"line":4,"column":27}}],"line":4},"1":{"loc":{"start":{"line":9,"column":2},"end":{"line":9,"column":27}},"type":"if","locations":[{"start":{"line":9,"column":2},"end":{"line":9,"column":27}},{"start":{},"end":{}}],"line":9},"2":{"loc":{"start":{"line":12,"column":2},"end":{"line":21,"column":3}},"type":"if","locations":[{"start":{"line":12,"column":2},"end":{"line":21,"column":3}},{"start":{},"end":{}}],"line":12},"3":{"loc":{"start":{"line":26,"column":8},"end":{"line":27,"column":38}},"type":"binary-expr","locations":[{"start":{"line":26,"column":8},"end":{"line":26,"column":31}},{"start":{"line":27,"column":8},"end":{"line":27,"column":38}}],"line":26}},"s":{"0":1,"1":47,"2":47,"3":21,"4":26,"5":26,"6":16,"7":10,"8":0},"f":{"0":47,"1":0},"b":{"0":[7],"1":[21,26],"2":[16,10],"3":[0,0]},"_coverageSchema":"1a1c01bbd47fc00a2c39e90264f33305004495a9","hash":"4515db507a4c6773ced44c8bd9af95e20ab3346d"}
,"C:\\Users\\Collabera\\Documents\\Projects\\collabera_react_training\\shopping-redux\\Webpack\\src\\reducers\\index.js": {"path":"C:\\Users\\Collabera\\Documents\\Projects\\collabera_react_training\\shopping-redux\\Webpack\\src\\reducers\\index.js","statementMap":{},"fnMap":{},"branchMap":{},"s":{},"f":{},"b":{},"_coverageSchema":"1a1c01bbd47fc00a2c39e90264f33305004495a9","hash":"357d38c15a1832f7cdcb91bfb8af0dce0a9285cc"}
,"C:\\Users\\Collabera\\Documents\\Projects\\collabera_react_training\\shopping-redux\\Webpack\\src\\reducers\\loadingReducer.js": {"path":"C:\\Users\\Collabera\\Documents\\Projects\\collabera_react_training\\shopping-redux\\Webpack\\src\\reducers\\loadingReducer.js","statementMap":{"0":{"start":{"line":1,"column":35},"end":{"line":1,"column":37}},"1":{"start":{"line":8,"column":4},"end":{"line":8,"column":44}},"2":{"start":{"line":10,"column":2},"end":{"line":10,"column":27}},"3":{"start":{"line":10,"column":14},"end":{"line":10,"column":27}},"4":{"start":{"line":12,"column":37},"end":{"line":12,"column":42}},"5":{"start":{"line":13,"column":2},"end":{"line":21,"column":3}},"6":{"start":{"line":14,"column":4},"end":{"line":20,"column":6}},"7":{"start":{"line":22,"column":2},"end":{"line":28,"column":4}},"8":{"start":{"line":24,"column":6},"end":{"line":27,"column":7}}},"fnMap":{"0":{"name":"(anonymous_0)","decl":{"start":{"line":3,"column":15},"end":{"line":3,"column":16}},"loc":{"start":{"line":6,"column":5},"end":{"line":29,"column":1}},"line":6},"1":{"name":"(anonymous_1)","decl":{"start":{"line":23,"column":4},"end":{"line":23,"column":5}},"loc":{"start":{"line":24,"column":6},"end":{"line":27,"column":7}},"line":24}},"branchMap":{"0":{"loc":{"start":{"line":4,"column":2},"end":{"line":4,"column":29}},"type":"default-arg","locations":[{"start":{"line":4,"column":10},"end":{"line":4,"column":29}}],"line":4},"1":{"loc":{"start":{"line":10,"column":2},"end":{"line":10,"column":27}},"type":"if","locations":[{"start":{"line":10,"column":2},"end":{"line":10,"column":27}},{"start":{},"end":{}}],"line":10},"2":{"loc":{"start":{"line":13,"column":2},"end":{"line":21,"column":3}},"type":"if","locations":[{"start":{"line":13,"column":2},"end":{"line":21,"column":3}},{"start":{},"end":{}}],"line":13},"3":{"loc":{"start":{"line":25,"column":8},"end":{"line":26,"column":38}},"type":"binary-expr","locations":[{"start":{"line":25,"column":8},"end":{"line":25,"column":31}},{"start":{"line":26,"column":8},"end":{"line":26,"column":38}}],"line":25}},"s":{"0":2,"1":50,"2":50,"3":8,"4":42,"5":42,"6":11,"7":31,"8":16},"f":{"0":50,"1":16},"b":{"0":[8],"1":[8,42],"2":[11,31],"3":[16,11]},"_coverageSchema":"1a1c01bbd47fc00a2c39e90264f33305004495a9","hash":"870af1a5a06d3f606441ff813ef8c30adfac156a"}
,"C:\\Users\\Collabera\\Documents\\Projects\\collabera_react_training\\shopping-redux\\Webpack\\src\\reducers\\productReducer.js": {"path":"C:\\Users\\Collabera\\Documents\\Projects\\collabera_react_training\\shopping-redux\\Webpack\\src\\reducers\\productReducer.js","statementMap":{"0":{"start":{"line":1,"column":36},"end":{"line":1,"column":38}},"1":{"start":{"line":7,"column":2},"end":{"line":13,"column":3}},"2":{"start":{"line":9,"column":6},"end":{"line":9,"column":21}},"3":{"start":{"line":12,"column":6},"end":{"line":12,"column":19}}},"fnMap":{"0":{"name":"(anonymous_0)","decl":{"start":{"line":3,"column":15},"end":{"line":3,"column":16}},"loc":{"start":{"line":6,"column":5},"end":{"line":14,"column":1}},"line":6}},"branchMap":{"0":{"loc":{"start":{"line":4,"column":2},"end":{"line":4,"column":30}},"type":"default-arg","locations":[{"start":{"line":4,"column":10},"end":{"line":4,"column":30}}],"line":4},"1":{"loc":{"start":{"line":7,"column":2},"end":{"line":13,"column":3}},"type":"switch","locations":[{"start":{"line":8,"column":4},"end":{"line":9,"column":21}},{"start":{"line":11,"column":4},"end":{"line":12,"column":19}}],"line":7}},"s":{"0":1,"1":47,"2":7,"3":40},"f":{"0":47},"b":{"0":[7],"1":[7,40]},"_coverageSchema":"1a1c01bbd47fc00a2c39e90264f33305004495a9","hash":"0dbef0e4e7e33fd38f026ac3c7b6e0c34e49bcac"}
,"C:\\Users\\Collabera\\Documents\\Projects\\collabera_react_training\\shopping-redux\\Webpack\\src\\reducers\\userReducer.js": {"path":"C:\\Users\\Collabera\\Documents\\Projects\\collabera_react_training\\shopping-redux\\Webpack\\src\\reducers\\userReducer.js","statementMap":{"0":{"start":{"line":1,"column":21},"end":{"line":4,"column":1}},"1":{"start":{"line":10,"column":2},"end":{"line":27,"column":3}},"2":{"start":{"line":13,"column":6},"end":{"line":16,"column":8}},"3":{"start":{"line":17,"column":6},"end":{"line":17,"column":38}},"4":{"start":{"line":21,"column":6},"end":{"line":21,"column":27}},"5":{"start":{"line":22,"column":6},"end":{"line":22,"column":26}},"6":{"start":{"line":26,"column":6},"end":{"line":26,"column":19}}},"fnMap":{"0":{"name":"(anonymous_0)","decl":{"start":{"line":6,"column":15},"end":{"line":6,"column":16}},"loc":{"start":{"line":9,"column":5},"end":{"line":28,"column":1}},"line":9}},"branchMap":{"0":{"loc":{"start":{"line":7,"column":2},"end":{"line":7,"column":22}},"type":"default-arg","locations":[{"start":{"line":7,"column":10},"end":{"line":7,"column":22}}],"line":7},"1":{"loc":{"start":{"line":10,"column":2},"end":{"line":27,"column":3}},"type":"switch","locations":[{"start":{"line":11,"column":4},"end":{"line":11,"column":25}},{"start":{"line":12,"column":4},"end":{"line":18,"column":5}},{"start":{"line":20,"column":4},"end":{"line":23,"column":5}},{"start":{"line":25,"column":4},"end":{"line":26,"column":19}}],"line":10}},"s":{"0":1,"1":47,"2":0,"3":0,"4":0,"5":0,"6":47},"f":{"0":47},"b":{"0":[7],"1":[0,0,0,47]},"_coverageSchema":"1a1c01bbd47fc00a2c39e90264f33305004495a9","hash":"235bda9c29100550e2262fe856e4cd76dd9ba775"}
,"C:\\Users\\Collabera\\Documents\\Projects\\collabera_react_training\\shopping-redux\\Webpack\\src\\sagas\\authSaga.js": {"path":"C:\\Users\\Collabera\\Documents\\Projects\\collabera_react_training\\shopping-redux\\Webpack\\src\\sagas\\authSaga.js","statementMap":{"0":{"start":{"line":11,"column":2},"end":{"line":28,"column":3}},"1":{"start":{"line":12,"column":16},"end":{"line":16,"column":6}},"2":{"start":{"line":17,"column":4},"end":{"line":21,"column":7}},"3":{"start":{"line":23,"column":4},"end":{"line":27,"column":7}},"4":{"start":{"line":32,"column":2},"end":{"line":49,"column":3}},"5":{"start":{"line":33,"column":16},"end":{"line":37,"column":6}},"6":{"start":{"line":38,"column":4},"end":{"line":42,"column":7}},"7":{"start":{"line":44,"column":4},"end":{"line":48,"column":7}},"8":{"start":{"line":53,"column":2},"end":{"line":53,"column":43}},"9":{"start":{"line":57,"column":2},"end":{"line":57,"column":49}},"10":{"start":{"line":61,"column":2},"end":{"line":64,"column":5}}},"fnMap":{"0":{"name":"login","decl":{"start":{"line":10,"column":10},"end":{"line":10,"column":15}},"loc":{"start":{"line":10,"column":35},"end":{"line":29,"column":1}},"line":10},"1":{"name":"register","decl":{"start":{"line":31,"column":10},"end":{"line":31,"column":18}},"loc":{"start":{"line":31,"column":38},"end":{"line":50,"column":1}},"line":31},"2":{"name":"loginRequest","decl":{"start":{"line":52,"column":10},"end":{"line":52,"column":22}},"loc":{"start":{"line":52,"column":25},"end":{"line":54,"column":1}},"line":52},"3":{"name":"registerRequest","decl":{"start":{"line":56,"column":10},"end":{"line":56,"column":25}},"loc":{"start":{"line":56,"column":28},"end":{"line":58,"column":1}},"line":56},"4":{"name":"rootAuthSaga","decl":{"start":{"line":60,"column":25},"end":{"line":60,"column":37}},"loc":{"start":{"line":60,"column":40},"end":{"line":65,"column":1}},"line":60}},"branchMap":{},"s":{"0":0,"1":0,"2":0,"3":0,"4":0,"5":0,"6":0,"7":0,"8":5,"9":5,"10":5},"f":{"0":0,"1":0,"2":5,"3":5,"4":5},"b":{},"_coverageSchema":"1a1c01bbd47fc00a2c39e90264f33305004495a9","hash":"1de0ed329054ce451e86e322987ad9633843509a"}
,"C:\\Users\\Collabera\\Documents\\Projects\\collabera_react_training\\shopping-redux\\Webpack\\src\\sagas\\cartSaga.js": {"path":"C:\\Users\\Collabera\\Documents\\Projects\\collabera_react_training\\shopping-redux\\Webpack\\src\\sagas\\cartSaga.js","statementMap":{"0":{"start":{"line":51,"column":2},"end":{"line":54,"column":4}},"1":{"start":{"line":58,"column":2},"end":{"line":61,"column":4}},"2":{"start":{"line":65,"column":2},"end":{"line":68,"column":4}},"3":{"start":{"line":72,"column":2},"end":{"line":75,"column":4}},"4":{"start":{"line":79,"column":2},"end":{"line":84,"column":5}}},"fnMap":{"0":{"name":"loadCartRequest","decl":{"start":{"line":50,"column":10},"end":{"line":50,"column":25}},"loc":{"start":{"line":50,"column":28},"end":{"line":55,"column":1}},"line":50},"1":{"name":"addCartRequest","decl":{"start":{"line":57,"column":10},"end":{"line":57,"column":24}},"loc":{"start":{"line":57,"column":27},"end":{"line":62,"column":1}},"line":57},"2":{"name":"updateCartRequest","decl":{"start":{"line":64,"column":10},"end":{"line":64,"column":27}},"loc":{"start":{"line":64,"column":30},"end":{"line":69,"column":1}},"line":64},"3":{"name":"deleteCartRequest","decl":{"start":{"line":71,"column":10},"end":{"line":71,"column":27}},"loc":{"start":{"line":71,"column":30},"end":{"line":76,"column":1}},"line":71},"4":{"name":"rootCartSaga","decl":{"start":{"line":78,"column":25},"end":{"line":78,"column":37}},"loc":{"start":{"line":78,"column":40},"end":{"line":85,"column":1}},"line":78}},"branchMap":{},"s":{"0":5,"1":5,"2":5,"3":5,"4":5},"f":{"0":5,"1":5,"2":5,"3":5,"4":5},"b":{},"_coverageSchema":"1a1c01bbd47fc00a2c39e90264f33305004495a9","hash":"f413899b6ff483e2fe6d97c72bebb20e8a2933f4"}
,"C:\\Users\\Collabera\\Documents\\Projects\\collabera_react_training\\shopping-redux\\Webpack\\src\\sagas\\productsSaga.js": {"path":"C:\\Users\\Collabera\\Documents\\Projects\\collabera_react_training\\shopping-redux\\Webpack\\src\\sagas\\productsSaga.js","statementMap":{"0":{"start":{"line":31,"column":2},"end":{"line":34,"column":4}},"1":{"start":{"line":38,"column":2},"end":{"line":38,"column":41}}},"fnMap":{"0":{"name":"loadProductsRequest","decl":{"start":{"line":30,"column":10},"end":{"line":30,"column":29}},"loc":{"start":{"line":30,"column":32},"end":{"line":35,"column":1}},"line":30},"1":{"name":"rootProductsSaga","decl":{"start":{"line":37,"column":25},"end":{"line":37,"column":41}},"loc":{"start":{"line":37,"column":44},"end":{"line":39,"column":1}},"line":37}},"branchMap":{},"s":{"0":5,"1":5},"f":{"0":5,"1":5},"b":{},"_coverageSchema":"1a1c01bbd47fc00a2c39e90264f33305004495a9","hash":"87f1d23b6bf2dd00f74728e8e45466cfa8de7603"}
,"C:\\Users\\Collabera\\Documents\\Projects\\collabera_react_training\\shopping-redux\\Webpack\\src\\sagas\\rootSagas.js": {"path":"C:\\Users\\Collabera\\Documents\\Projects\\collabera_react_training\\shopping-redux\\Webpack\\src\\sagas\\rootSagas.js","statementMap":{"0":{"start":{"line":7,"column":2},"end":{"line":11,"column":5}}},"fnMap":{"0":{"name":"rootSaga","decl":{"start":{"line":6,"column":25},"end":{"line":6,"column":33}},"loc":{"start":{"line":6,"column":36},"end":{"line":12,"column":1}},"line":6}},"branchMap":{},"s":{"0":5},"f":{"0":5},"b":{},"_coverageSchema":"1a1c01bbd47fc00a2c39e90264f33305004495a9","hash":"a1963da144744b4e5a36cec17ee40c4735b46116"}
,"C:\\Users\\Collabera\\Documents\\Projects\\collabera_react_training\\shopping-redux\\Webpack\\src\\utils\\apiGenerator.js": {"path":"C:\\Users\\Collabera\\Documents\\Projects\\collabera_react_training\\shopping-redux\\Webpack\\src\\utils\\apiGenerator.js","statementMap":{"0":{"start":{"line":5,"column":16},"end":{"line":5,"column":43}},"1":{"start":{"line":6,"column":25},"end":{"line":6,"column":30}},"2":{"start":{"line":7,"column":2},"end":{"line":26,"column":3}},"3":{"start":{"line":8,"column":16},"end":{"line":11,"column":5}},"4":{"start":{"line":12,"column":4},"end":{"line":19,"column":7}},"5":{"start":{"line":21,"column":4},"end":{"line":25,"column":7}}},"fnMap":{"0":{"name":"apiGenerator","decl":{"start":{"line":4,"column":10},"end":{"line":4,"column":22}},"loc":{"start":{"line":4,"column":48},"end":{"line":27,"column":1}},"line":4}},"branchMap":{"0":{"loc":{"start":{"line":15,"column":8},"end":{"line":17,"column":15}},"type":"cond-expr","locations":[{"start":{"line":16,"column":12},"end":{"line":16,"column":24}},{"start":{"line":17,"column":12},"end":{"line":17,"column":15}}],"line":15}},"s":{"0":30,"1":30,"2":30,"3":30,"4":14,"5":16},"f":{"0":30},"b":{"0":[0,14]},"_coverageSchema":"1a1c01bbd47fc00a2c39e90264f33305004495a9","hash":"0399aca2f331c77c0faa7cd1ed668257647b97f3"}
,"C:\\Users\\Collabera\\Documents\\Projects\\collabera_react_training\\shopping-redux\\Webpack\\src\\utils\\axiosInstance.js": {"path":"C:\\Users\\Collabera\\Documents\\Projects\\collabera_react_training\\shopping-redux\\Webpack\\src\\utils\\axiosInstance.js","statementMap":{"0":{"start":{"line":3,"column":22},"end":{"line":8,"column":2}},"1":{"start":{"line":10,"column":0},"end":{"line":21,"column":2}},"2":{"start":{"line":12,"column":26},"end":{"line":12,"column":39}},"3":{"start":{"line":13,"column":18},"end":{"line":13,"column":47}},"4":{"start":{"line":14,"column":4},"end":{"line":17,"column":5}},"5":{"start":{"line":15,"column":24},"end":{"line":15,"column":41}},"6":{"start":{"line":16,"column":6},"end":{"line":16,"column":78}},"7":{"start":{"line":18,"column":4},"end":{"line":18,"column":25}},"8":{"start":{"line":20,"column":11},"end":{"line":20,"column":32}},"9":{"start":{"line":23,"column":0},"end":{"line":33,"column":2}},"10":{"start":{"line":24,"column":14},"end":{"line":24,"column":27}},"11":{"start":{"line":26,"column":4},"end":{"line":30,"column":5}},"12":{"start":{"line":27,"column":6},"end":{"line":29,"column":8}},"13":{"start":{"line":31,"column":4},"end":{"line":31,"column":33}}},"fnMap":{"0":{"name":"(anonymous_0)","decl":{"start":{"line":11,"column":2},"end":{"line":11,"column":3}},"loc":{"start":{"line":11,"column":12},"end":{"line":19,"column":3}},"line":11},"1":{"name":"(anonymous_1)","decl":{"start":{"line":20,"column":2},"end":{"line":20,"column":3}},"loc":{"start":{"line":20,"column":11},"end":{"line":20,"column":32}},"line":20},"2":{"name":"(anonymous_2)","decl":{"start":{"line":24,"column":2},"end":{"line":24,"column":3}},"loc":{"start":{"line":24,"column":14},"end":{"line":24,"column":27}},"line":24},"3":{"name":"(anonymous_3)","decl":{"start":{"line":25,"column":2},"end":{"line":25,"column":3}},"loc":{"start":{"line":25,"column":11},"end":{"line":32,"column":3}},"line":25}},"branchMap":{"0":{"loc":{"start":{"line":14,"column":4},"end":{"line":17,"column":5}},"type":"if","locations":[{"start":{"line":14,"column":4},"end":{"line":17,"column":5}},{"start":{},"end":{}}],"line":14},"1":{"loc":{"start":{"line":26,"column":4},"end":{"line":30,"column":5}},"type":"if","locations":[{"start":{"line":26,"column":4},"end":{"line":30,"column":5}},{"start":{},"end":{}}],"line":26}},"s":{"0":1,"1":1,"2":30,"3":30,"4":30,"5":0,"6":0,"7":30,"8":0,"9":1,"10":14,"11":16,"12":0,"13":16},"f":{"0":30,"1":0,"2":14,"3":16},"b":{"0":[0,30],"1":[0,16]},"_coverageSchema":"1a1c01bbd47fc00a2c39e90264f33305004495a9","hash":"2ad9ebd26d1a3c1dfa7b0618ed0b23c533bd270a"}
,"C:\\Users\\Collabera\\Documents\\Projects\\collabera_react_training\\shopping-redux\\Webpack\\src\\utils\\index.js": {"path":"C:\\Users\\Collabera\\Documents\\Projects\\collabera_react_training\\shopping-redux\\Webpack\\src\\utils\\index.js","statementMap":{"0":{"start":{"line":1,"column":24},"end":{"line":5,"column":18}},"1":{"start":{"line":2,"column":2},"end":{"line":5,"column":18}},"2":{"start":{"line":7,"column":17},"end":{"line":7,"column":18}}},"fnMap":{"0":{"name":"(anonymous_0)","decl":{"start":{"line":1,"column":24},"end":{"line":1,"column":25}},"loc":{"start":{"line":2,"column":2},"end":{"line":5,"column":18}},"line":2}},"branchMap":{},"s":{"0":2,"1":12,"2":2},"f":{"0":12},"b":{},"_coverageSchema":"1a1c01bbd47fc00a2c39e90264f33305004495a9","hash":"31d34fab71353573658ba29d7a05088a61566b86"}
,"C:\\Users\\Collabera\\Documents\\Projects\\collabera_react_training\\shopping-redux\\Webpack\\src\\utils\\test-utils.jsx": {"path":"C:\\Users\\Collabera\\Documents\\Projects\\collabera_react_training\\shopping-redux\\Webpack\\src\\utils\\test-utils.jsx","statementMap":{"0":{"start":{"line":7,"column":16},"end":{"line":7,"column":32}},"1":{"start":{"line":9,"column":4},"end":{"line":13,"column":6}},"2":{"start":{"line":17,"column":2},"end":{"line":20,"column":4}}},"fnMap":{"0":{"name":"renderWithProviders","decl":{"start":{"line":6,"column":24},"end":{"line":6,"column":43}},"loc":{"start":{"line":6,"column":48},"end":{"line":21,"column":1}},"line":6},"1":{"name":"Wrapper","decl":{"start":{"line":8,"column":11},"end":{"line":8,"column":18}},"loc":{"start":{"line":8,"column":33},"end":{"line":14,"column":3}},"line":8}},"branchMap":{},"s":{"0":5,"1":5,"2":5},"f":{"0":5,"1":5},"b":{},"_coverageSchema":"1a1c01bbd47fc00a2c39e90264f33305004495a9","hash":"9a08bc37281c5a67d59f60f13d503a59be7bfa7f"}
}
