TN:
SF:src\configureStore.js
FN:19,(anonymous_0)
FNF:1
FNH:1
FNDA:5,(anonymous_0)
DA:14,1
DA:17,1
DA:19,1
DA:20,5
DA:25,5
DA:32,5
DA:33,5
LF:7
LH:7
BRDA:14,0,0,1
BRDA:14,0,1,1
BRF:2
BRH:2
end_of_record
TN:
SF:src\components\Product\index.jsx
FN:9,(anonymous_0)
FN:14,(anonymous_1)
FN:17,(anonymous_2)
FN:21,(anonymous_3)
FN:22,(anonymous_4)
FN:32,(anonymous_5)
FN:42,(anonymous_6)
FNF:7
FNH:3
FNDA:2,(anonymous_0)
FNDA:2,(anonymous_1)
FNDA:0,(anonymous_2)
FNDA:2,(anonymous_3)
FNDA:0,(anonymous_4)
FNDA:0,(anonymous_5)
FNDA:0,(anonymous_6)
DA:9,1
DA:12,2
DA:14,2
DA:17,0
DA:21,2
DA:23,0
DA:33,0
DA:43,0
LF:8
LH:4
BRF:0
BRH:0
end_of_record
TN:
SF:src\components\Product\product.jsx
FN:6,Product
FN:60,(anonymous_1)
FN:77,(anonymous_2)
FN:97,(anonymous_3)
FNF:4
FNH:2
FNDA:11,Product
FNDA:0,(anonymous_1)
FNDA:0,(anonymous_2)
FNDA:1,(anonymous_3)
DA:14,11
DA:61,0
DA:78,0
DA:79,0
DA:81,0
DA:98,1
DA:113,2
DA:135,2
LF:8
LH:4
BRDA:54,0,0,2
BRDA:54,0,1,9
BRDA:78,1,0,0
BRDA:78,1,1,0
BRF:4
BRH:2
end_of_record
TN:
SF:src\components\Reviews\index.jsx
FN:6,Reviews
FN:12,(anonymous_1)
FNF:2
FNH:2
FNDA:11,Reviews
FNDA:55,(anonymous_1)
DA:7,11
DA:13,55
DA:39,2
LF:3
LH:3
BRF:0
BRH:0
end_of_record
TN:
SF:src\middlewares\errorMiddleWare.js
FN:1,(anonymous_0)
FN:1,(anonymous_1)
FN:1,(anonymous_2)
FN:12,(anonymous_3)
FNF:4
FNH:4
FNDA:5,(anonymous_0)
FNDA:5,(anonymous_1)
FNDA:40,(anonymous_2)
FNDA:48,(anonymous_3)
DA:1,5
DA:2,40
DA:3,40
DA:4,40
DA:5,16
DA:13,48
DA:14,16
DA:18,32
DA:24,24
LF:9
LH:9
BRDA:4,0,0,16
BRDA:4,0,1,24
BRDA:13,1,0,16
BRDA:13,1,1,32
BRF:4
BRH:4
end_of_record
TN:
SF:src\middlewares\loggerMiddleware.js
FN:1,(anonymous_0)
FN:1,(anonymous_1)
FN:1,(anonymous_2)
FNF:3
FNH:3
FNDA:5,(anonymous_0)
FNDA:5,(anonymous_1)
FNDA:40,(anonymous_2)
DA:1,5
DA:2,40
DA:3,40
LF:3
LH:3
BRF:0
BRH:0
end_of_record
TN:
SF:src\pages\Home\home.jsx
FN:8,Home
FN:15,(anonymous_1)
FN:22,(anonymous_2)
FN:42,(anonymous_3)
FNF:4
FNH:4
FNDA:15,Home
FNDA:5,(anonymous_1)
FNDA:5,(anonymous_2)
FNDA:2,(anonymous_3)
DA:15,15
DA:16,5
DA:22,15
DA:23,5
DA:26,15
DA:27,5
DA:32,10
DA:33,3
DA:40,7
DA:43,2
DA:52,1
LF:11
LH:11
BRDA:26,0,0,5
BRDA:26,0,1,10
BRDA:32,1,0,3
BRDA:32,1,1,7
BRF:4
BRH:4
end_of_record
TN:
SF:src\pages\Home\index.jsx
FN:6,(anonymous_0)
FN:13,(anonymous_1)
FN:18,(anonymous_2)
FN:24,(anonymous_3)
FN:25,(anonymous_4)
FN:34,(anonymous_5)
FNF:6
FNH:6
FNDA:20,(anonymous_0)
FNDA:10,(anonymous_1)
FNDA:6,(anonymous_2)
FNDA:5,(anonymous_3)
FNDA:5,(anonymous_4)
FNDA:5,(anonymous_5)
DA:6,1
DA:10,20
DA:14,10
DA:19,6
DA:24,5
DA:26,5
DA:35,5
LF:7
LH:7
BRDA:14,0,0,10
BRDA:14,0,1,5
BRDA:19,1,0,6
BRDA:19,1,1,0
BRF:4
BRH:3
end_of_record
TN:
SF:src\reducers\cartReducers.js
FN:3,(anonymous_0)
FN:16,(anonymous_1)
FN:27,(anonymous_2)
FNF:3
FNH:3
FNDA:52,(anonymous_0)
FNDA:1,(anonymous_1)
FNDA:1,(anonymous_2)
DA:1,2
DA:3,2
DA:7,52
DA:9,8
DA:12,1
DA:15,1
DA:16,1
DA:18,1
DA:26,1
DA:27,1
DA:29,1
DA:36,41
LF:12
LH:12
BRDA:4,0,0,8
BRDA:7,1,0,8
BRDA:7,1,1,1
BRDA:7,1,2,1
BRDA:7,1,3,1
BRDA:7,1,4,41
BRF:6
BRH:6
end_of_record
TN:
SF:src\reducers\errorReducer.js
FN:3,(anonymous_0)
FN:24,(anonymous_1)
FNF:2
FNH:1
FNDA:47,(anonymous_0)
FNDA:0,(anonymous_1)
DA:1,1
DA:7,47
DA:9,47
DA:11,26
DA:12,26
DA:13,16
DA:23,10
DA:25,0
LF:8
LH:7
BRDA:4,0,0,7
BRDA:9,1,0,21
BRDA:9,1,1,26
BRDA:12,2,0,16
BRDA:12,2,1,10
BRDA:26,3,0,0
BRDA:26,3,1,0
BRF:7
BRH:5
end_of_record
TN:
SF:src\reducers\index.js
FNF:0
FNH:0
LF:0
LH:0
BRF:0
BRH:0
end_of_record
TN:
SF:src\reducers\loadingReducer.js
FN:3,(anonymous_0)
FN:23,(anonymous_1)
FNF:2
FNH:2
FNDA:50,(anonymous_0)
FNDA:16,(anonymous_1)
DA:1,2
DA:8,50
DA:10,50
DA:12,42
DA:13,42
DA:14,11
DA:22,31
DA:24,16
LF:8
LH:8
BRDA:4,0,0,8
BRDA:10,1,0,8
BRDA:10,1,1,42
BRDA:13,2,0,11
BRDA:13,2,1,31
BRDA:25,3,0,16
BRDA:25,3,1,11
BRF:7
BRH:7
end_of_record
TN:
SF:src\reducers\productReducer.js
FN:3,(anonymous_0)
FNF:1
FNH:1
FNDA:47,(anonymous_0)
DA:1,1
DA:7,47
DA:9,7
DA:12,40
LF:4
LH:4
BRDA:4,0,0,7
BRDA:7,1,0,7
BRDA:7,1,1,40
BRF:3
BRH:3
end_of_record
TN:
SF:src\reducers\userReducer.js
FN:6,(anonymous_0)
FNF:1
FNH:1
FNDA:47,(anonymous_0)
DA:1,1
DA:10,47
DA:13,0
DA:17,0
DA:21,0
DA:22,0
DA:26,47
LF:7
LH:3
BRDA:7,0,0,7
BRDA:10,1,0,0
BRDA:10,1,1,0
BRDA:10,1,2,0
BRDA:10,1,3,47
BRF:5
BRH:2
end_of_record
TN:
SF:src\sagas\authSaga.js
FN:10,login
FN:31,register
FN:52,loginRequest
FN:56,registerRequest
FN:60,rootAuthSaga
FNF:5
FNH:3
FNDA:0,login
FNDA:0,register
FNDA:5,loginRequest
FNDA:5,registerRequest
FNDA:5,rootAuthSaga
DA:11,0
DA:12,0
DA:17,0
DA:23,0
DA:32,0
DA:33,0
DA:38,0
DA:44,0
DA:53,5
DA:57,5
DA:61,5
LF:11
LH:3
BRF:0
BRH:0
end_of_record
TN:
SF:src\sagas\cartSaga.js
FN:50,loadCartRequest
FN:57,addCartRequest
FN:64,updateCartRequest
FN:71,deleteCartRequest
FN:78,rootCartSaga
FNF:5
FNH:5
FNDA:5,loadCartRequest
FNDA:5,addCartRequest
FNDA:5,updateCartRequest
FNDA:5,deleteCartRequest
FNDA:5,rootCartSaga
DA:51,5
DA:58,5
DA:65,5
DA:72,5
DA:79,5
LF:5
LH:5
BRF:0
BRH:0
end_of_record
TN:
SF:src\sagas\productsSaga.js
FN:30,loadProductsRequest
FN:37,rootProductsSaga
FNF:2
FNH:2
FNDA:5,loadProductsRequest
FNDA:5,rootProductsSaga
DA:31,5
DA:38,5
LF:2
LH:2
BRF:0
BRH:0
end_of_record
TN:
SF:src\sagas\rootSagas.js
FN:6,rootSaga
FNF:1
FNH:1
FNDA:5,rootSaga
DA:7,5
LF:1
LH:1
BRF:0
BRH:0
end_of_record
TN:
SF:src\utils\apiGenerator.js
FN:4,apiGenerator
FNF:1
FNH:1
FNDA:30,apiGenerator
DA:5,30
DA:6,30
DA:7,30
DA:8,30
DA:12,14
DA:21,16
LF:6
LH:6
BRDA:15,0,0,0
BRDA:15,0,1,14
BRF:2
BRH:1
end_of_record
TN:
SF:src\utils\axiosInstance.js
FN:11,(anonymous_0)
FN:20,(anonymous_1)
FN:24,(anonymous_2)
FN:25,(anonymous_3)
FNF:4
FNH:3
FNDA:30,(anonymous_0)
FNDA:0,(anonymous_1)
FNDA:14,(anonymous_2)
FNDA:16,(anonymous_3)
DA:3,1
DA:10,1
DA:12,30
DA:13,30
DA:14,30
DA:15,0
DA:16,0
DA:18,30
DA:20,0
DA:23,1
DA:24,14
DA:26,16
DA:27,0
DA:31,16
LF:14
LH:10
BRDA:14,0,0,0
BRDA:14,0,1,30
BRDA:26,1,0,0
BRDA:26,1,1,16
BRF:4
BRH:2
end_of_record
TN:
SF:src\utils\index.js
FN:1,(anonymous_0)
FNF:1
FNH:1
FNDA:12,(anonymous_0)
DA:1,2
DA:2,12
DA:7,2
LF:3
LH:3
BRF:0
BRH:0
end_of_record
TN:
SF:src\utils\test-utils.jsx
FN:6,renderWithProviders
FN:8,Wrapper
FNF:2
FNH:2
FNDA:5,renderWithProviders
FNDA:5,Wrapper
DA:7,5
DA:9,5
DA:17,5
LF:3
LH:3
BRF:0
BRH:0
end_of_record
